#
# There is insufficient memory for the Java Runtime Environment to continue.
# Native memory allocation (malloc) failed to allocate 2097152 bytes for AllocateHeap
# Possible reasons:
#   The system is out of physical RAM or swap space
#   The process is running with CompressedOops enabled, and the Java Heap may be blocking the growth of the native heap
# Possible solutions:
#   Reduce memory load on the system
#   Increase physical memory or swap space
#   Check if swap backing store is full
#   Decrease Java heap size (-Xmx/-Xms)
#   Decrease number of Java threads
#   Decrease Java thread stack sizes (-Xss)
#   Set larger code cache with -XX:ReservedCodeCacheSize=
#   JVM is running with Unscaled Compressed Oops mode in which the Java heap is
#     placed in the first 4GB address space. The Java Heap base address is the
#     maximum limit for the native heap growth. Please use -XX:HeapBaseMinAddress
#     to set the Java Heap base and to place the Java Heap above 4GB virtual address.
# This output file may be truncated or incomplete.
#
#  Out of Memory Error (allocation.cpp:44), pid=15612, tid=15948
#
# JRE version: OpenJDK Runtime Environment Temurin-17.0.10+7 (17.0.10+7) (build 17.0.10+7)
# Java VM: OpenJDK 64-Bit Server VM Temurin-17.0.10+7 (17.0.10+7, mixed mode, emulated-client, tiered, compressed oops, compressed class ptrs, g1 gc, windows-amd64)
# No core dump will be written. Minidumps are not enabled by default on client versions of Windows
#

---------------  S U M M A R Y ------------

Command Line: -XX:+HeapDumpOnOutOfMemoryError -Xmx1024m -Dsts.lsp.client=vscode -Dsts.log.file=/dev/null -XX:TieredStopAtLevel=1 -Xlog:jni+resolve=off -Dspring.config.location=file:c:\Users\ASUS1\.vscode\extensions\vmware.vscode-spring-boot-1.52.0\language-server\BOOT-INF\classes\application.properties org.springframework.ide.vscode.boot.app.BootLanguageServerBootApp

Host: AMD Ryzen 7 4800H with Radeon Graphics         , 16 cores, 7G,  Windows 11 , 64 bit Build 22621 (10.0.22621.3085)
Time: Mon Feb 26 01:39:14 2024 India Standard Time elapsed time: 1285.252241 seconds (0d 0h 21m 25s)

---------------  T H R E A D  ---------------

Current thread (0x000001b7f87aba80):  VMThread "VM Thread" [stack: 0x000000477a500000,0x000000477a600000] [id=15948]

Stack: [0x000000477a500000,0x000000477a600000]
Native frames: (J=compiled Java code, j=interpreted, Vv=VM code, C=native code)
V  [jvm.dll+0x67d2c9]
V  [jvm.dll+0x834afa]
V  [jvm.dll+0x8365be]
V  [jvm.dll+0x836c23]
V  [jvm.dll+0x2477ff]
V  [jvm.dll+0xa6c93]
V  [jvm.dll+0x2f86f1]
V  [jvm.dll+0x2f42e0]
V  [jvm.dll+0x2dc8c7]
V  [jvm.dll+0x31fb87]
V  [jvm.dll+0x83b11b]
V  [jvm.dll+0x83be61]
V  [jvm.dll+0x83c37d]
V  [jvm.dll+0x83c754]
V  [jvm.dll+0x83c820]
V  [jvm.dll+0x7e3fba]
V  [jvm.dll+0x67c1b5]
C  [ucrtbase.dll+0x29363]
C  [KERNEL32.DLL+0x1257d]
C  [ntdll.dll+0x5aa58]

VM_Operation (0x000000477c0fed80): G1CollectFull, mode: safepoint, requested by thread 0x000001b7fe45d480


---------------  P R O C E S S  ---------------

Threads class SMR info:
_java_thread_list=0x000001b7fda0a020, length=29, elements={
0x000001b7f87cd270, 0x000001b7f87ce7a0, 0x000001b7f87e3830, 0x000001b7f87e45c0,
0x000001b7f893b180, 0x000001b7f893ba50, 0x000001b7f893e330, 0x000001b7f893ec40,
0x000001b7f8b4c0b0, 0x000001b7f8b55ac0, 0x000001b7fe3e36a0, 0x000001b7fe45d480,
0x000001b7fe372cc0, 0x000001b7eacecc90, 0x000001b7fe37a460, 0x000001b7fe4e77c0,
0x000001b7fe5100b0, 0x000001b7fe5105c0, 0x000001b7fe50fba0, 0x000001b7fe510ad0,
0x000001b7fe50ec70, 0x000001b7fe512420, 0x000001b7fe510fe0, 0x000001b7fe63f390,
0x000001b7fe63c600, 0x000001b7fe63ee80, 0x000001b7fe641c10, 0x000001b7fe6411f0,
0x000001b7fe641700
}

Java Threads: ( => current thread )
  0x000001b7f87cd270 JavaThread "Reference Handler" daemon [_thread_blocked, id=5036, stack(0x000000477a600000,0x000000477a700000)]
  0x000001b7f87ce7a0 JavaThread "Finalizer" daemon [_thread_blocked, id=31340, stack(0x000000477a700000,0x000000477a800000)]
  0x000001b7f87e3830 JavaThread "Signal Dispatcher" daemon [_thread_blocked, id=3680, stack(0x000000477a800000,0x000000477a900000)]
  0x000001b7f87e45c0 JavaThread "Attach Listener" daemon [_thread_blocked, id=16756, stack(0x000000477a900000,0x000000477aa00000)]
  0x000001b7f893b180 JavaThread "Service Thread" daemon [_thread_blocked, id=17628, stack(0x000000477aa00000,0x000000477ab00000)]
  0x000001b7f893ba50 JavaThread "Monitor Deflation Thread" daemon [_thread_blocked, id=38640, stack(0x000000477ab00000,0x000000477ac00000)]
  0x000001b7f893e330 JavaThread "C1 CompilerThread0" daemon [_thread_blocked, id=14588, stack(0x000000477ac00000,0x000000477ad00000)]
  0x000001b7f893ec40 JavaThread "Sweeper thread" daemon [_thread_blocked, id=23136, stack(0x000000477ad00000,0x000000477ae00000)]
  0x000001b7f8b4c0b0 JavaThread "Notification Thread" daemon [_thread_blocked, id=5160, stack(0x000000477ae00000,0x000000477af00000)]
  0x000001b7f8b55ac0 JavaThread "Common-Cleaner" daemon [_thread_blocked, id=30988, stack(0x000000477b000000,0x000000477b100000)]
  0x000001b7fe3e36a0 JavaThread "boundedElastic-evictor-1" daemon [_thread_blocked, id=39612, stack(0x000000477b600000,0x000000477b700000)]
  0x000001b7fe45d480 JavaThread "pool-12-thread-1" [_thread_blocked, id=28756, stack(0x000000477c000000,0x000000477c100000)]
  0x000001b7fe372cc0 JavaThread "LanguageServerApp-lifecycle" [_thread_blocked, id=32924, stack(0x000000477c100000,0x000000477c200000)]
  0x000001b7eacecc90 JavaThread "DestroyJavaVM" [_thread_blocked, id=33204, stack(0x0000004779f00000,0x000000477a000000)]
  0x000001b7fe37a460 JavaThread "pool-13-thread-1" [_thread_in_native, id=3272, stack(0x000000477c200000,0x000000477c300000)]
  0x000001b7fe4e77c0 JavaThread "Simple-Language-Server main thread" daemon [_thread_blocked, id=39620, stack(0x000000477c300000,0x000000477c400000)]
  0x000001b7fe5100b0 JavaThread "pool-8-thread-1" [_thread_blocked, id=26520, stack(0x000000477c800000,0x000000477c900000)]
  0x000001b7fe5105c0 JavaThread "parallel-1" daemon [_thread_blocked, id=7064, stack(0x000000477c900000,0x000000477ca00000)]
  0x000001b7fe50fba0 JavaThread "parallel-2" daemon [_thread_blocked, id=1392, stack(0x000000477ca00000,0x000000477cb00000)]
  0x000001b7fe510ad0 JavaThread "pool-6-thread-1" [_thread_blocked, id=1408, stack(0x000000477cb00000,0x000000477cc00000)]
  0x000001b7fe50ec70 JavaThread "parallel-3" daemon [_thread_blocked, id=36284, stack(0x000000477cc00000,0x000000477cd00000)]
  0x000001b7fe512420 JavaThread "parallel-4" daemon [_thread_blocked, id=33908, stack(0x000000477cd00000,0x000000477ce00000)]
  0x000001b7fe510fe0 JavaThread "parallel-5" daemon [_thread_blocked, id=40268, stack(0x000000477ce00000,0x000000477cf00000)]
  0x000001b7fe63f390 JavaThread "parallel-6" daemon [_thread_blocked, id=22012, stack(0x000000477d300000,0x000000477d400000)]
  0x000001b7fe63c600 JavaThread "parallel-7" daemon [_thread_blocked, id=24144, stack(0x000000477d400000,0x000000477d500000)]
  0x000001b7fe63ee80 JavaThread "parallel-8" daemon [_thread_blocked, id=30612, stack(0x000000477d500000,0x000000477d600000)]
  0x000001b7fe641c10 JavaThread "Reconciler-1" daemon [_thread_blocked, id=24988, stack(0x000000477d800000,0x000000477d900000)]
  0x000001b7fe6411f0 JavaThread "parallel-9" daemon [_thread_blocked, id=38996, stack(0x000000477c600000,0x000000477c700000)]
  0x000001b7fe641700 JavaThread "pool-3-thread-5" [_thread_blocked, id=19540, stack(0x000000477c700000,0x000000477c800000)]

Other Threads:
=>0x000001b7f87aba80 VMThread "VM Thread" [stack: 0x000000477a500000,0x000000477a600000] [id=15948]
  0x000001b7f8b4c590 WatcherThread [stack: 0x000000477af00000,0x000000477b000000] [id=37668]
  0x000001b7ecf77cf0 GCTaskThread "GC Thread#0" [stack: 0x000000477a000000,0x000000477a100000] [id=22772]
  0x000001b7fd8da3f0 GCTaskThread "GC Thread#1" [stack: 0x000000477b100000,0x000000477b200000] [id=5584]
  0x000001b7fd929670 GCTaskThread "GC Thread#2" [stack: 0x000000477b200000,0x000000477b300000] [id=30496]
  0x000001b7fd929930 GCTaskThread "GC Thread#3" [stack: 0x000000477b300000,0x000000477b400000] [id=31528]
  0x000001b7fdb48c70 GCTaskThread "GC Thread#4" [stack: 0x000000477b400000,0x000000477b500000] [id=14096]
  0x000001b7fdb24970 GCTaskThread "GC Thread#5" [stack: 0x000000477b500000,0x000000477b600000] [id=34468]
  0x000001b7fde27c50 GCTaskThread "GC Thread#6" [stack: 0x000000477b700000,0x000000477b800000] [id=35348]
  0x000001b7f8a8b700 GCTaskThread "GC Thread#7" [stack: 0x000000477b800000,0x000000477b900000] [id=4328]
  0x000001b7f8a8b9c0 GCTaskThread "GC Thread#8" [stack: 0x000000477b900000,0x000000477ba00000] [id=40212]
  0x000001b7f8a8c6c0 GCTaskThread "GC Thread#9" [stack: 0x000000477ba00000,0x000000477bb00000] [id=2860]
  0x000001b7f8a8dc30 GCTaskThread "GC Thread#10" [stack: 0x000000477bb00000,0x000000477bc00000] [id=36812]
  0x000001b7f8a8e470 GCTaskThread "GC Thread#11" [stack: 0x000000477bc00000,0x000000477bd00000] [id=23604]
  0x000001b7f8a8e9f0 GCTaskThread "GC Thread#12" [stack: 0x000000477bf00000,0x000000477c000000] [id=33904]
  0x000001b7ecf80b50 ConcurrentGCThread "G1 Main Marker" [stack: 0x000000477a100000,0x000000477a200000] [id=37788]
  0x000001b7ecf81480 ConcurrentGCThread "G1 Conc#0" [stack: 0x000000477a200000,0x000000477a300000] [id=31184]
  0x000001b7f8a8d3f0 ConcurrentGCThread "G1 Conc#1" [stack: 0x000000477bd00000,0x000000477be00000] [id=38736]
  0x000001b7f8a8e730 ConcurrentGCThread "G1 Conc#2" [stack: 0x000000477be00000,0x000000477bf00000] [id=29276]
  0x000001b7f86230d0 ConcurrentGCThread "G1 Refine#0" [stack: 0x000000477a300000,0x000000477a400000] [id=32724]
  0x000001b7f8623a10 ConcurrentGCThread "G1 Service" [stack: 0x000000477a400000,0x000000477a500000] [id=30696]

Threads with active compile tasks:

VM state: at safepoint (normal execution)

VM Mutex/Monitor currently owned by a thread:  ([mutex/lock_event])
[0x000001b7eac34840] Threads_lock - owner thread: 0x000001b7f87aba80
[0x000001b7eac2f9b0] Heap_lock - owner thread: 0x000001b7fe45d480

Heap address: 0x00000000c0000000, size: 1024 MB, Compressed Oops mode: 32-bit

CDS archive(s) not mapped
Compressed class space mapped at: 0x0000000100000000-0x0000000140000000, reserved size: 1073741824
Narrow klass base: 0x0000000000000000, Narrow klass shift: 3, Narrow klass range: 0x140000000

GC Precious Log:
 CPUs: 16 total, 16 available
 Memory: 7598M
 Large Page Support: Disabled
 NUMA Support: Disabled
 Compressed Oops: Enabled (32-bit)
 Heap Region Size: 1M
 Heap Min Capacity: 8M
 Heap Initial Capacity: 120M
 Heap Max Capacity: 1G
 Pre-touch: Disabled
 Parallel Workers: 13
 Concurrent Workers: 3
 Concurrent Refinement Workers: 13
 Periodic GC: Disabled

Heap:
 garbage-first heap   total 109568K, used 33657K [0x00000000c0000000, 0x0000000100000000)
  region size 1024K, 2 young (2048K), 0 survivors (0K)
 Metaspace       used 58415K, committed 59072K, reserved 1114112K
  class space    used 7245K, committed 7488K, reserved 1048576K

Heap Regions: E=young(eden), S=young(survivor), O=old, HS=humongous(starts), HC=humongous(continues), CS=collection set, F=free, OA=open archive, CA=closed archive, TAMS=top-at-mark-start (previous, next)
|   0|0x00000000c0000000, 0x00000000c0100000, 0x00000000c0100000|100%|HS|  |TAMS 0x00000000c0100000, 0x00000000c0000000| Untracked 
|   1|0x00000000c0100000, 0x00000000c0200000, 0x00000000c0200000|100%|HC|  |TAMS 0x00000000c0200000, 0x00000000c0100000| Untracked 
|   2|0x00000000c0200000, 0x00000000c0300000, 0x00000000c0300000|100%|HC|  |TAMS 0x00000000c0300000, 0x00000000c0200000| Untracked 
|   3|0x00000000c0300000, 0x00000000c0400000, 0x00000000c0400000|100%|HC|  |TAMS 0x00000000c0400000, 0x00000000c0300000| Untracked 
|   4|0x00000000c0400000, 0x00000000c0500000, 0x00000000c0500000|100%|HS|  |TAMS 0x00000000c0500000, 0x00000000c0400000| Untracked 
|   5|0x00000000c0500000, 0x00000000c0600000, 0x00000000c0600000|100%|HC|  |TAMS 0x00000000c0600000, 0x00000000c0500000| Untracked 
|   6|0x00000000c0600000, 0x00000000c0700000, 0x00000000c0700000|100%| O|  |TAMS 0x00000000c0700000, 0x00000000c0600000| Untracked 
|   7|0x00000000c0700000, 0x00000000c07fffe0, 0x00000000c0800000| 99%| O|  |TAMS 0x00000000c07fffe0, 0x00000000c0700000| Untracked 
|   8|0x00000000c0800000, 0x00000000c08ffff8, 0x00000000c0900000| 99%| O|  |TAMS 0x00000000c08ffff8, 0x00000000c0800000| Untracked 
|   9|0x00000000c0900000, 0x00000000c09ffff0, 0x00000000c0a00000| 99%| O|  |TAMS 0x00000000c09ffff0, 0x00000000c0900000| Untracked 
|  10|0x00000000c0a00000, 0x00000000c0b00000, 0x00000000c0b00000|100%| O|  |TAMS 0x00000000c0b00000, 0x00000000c0a00000| Untracked 
|  11|0x00000000c0b00000, 0x00000000c0c00000, 0x00000000c0c00000|100%| O|  |TAMS 0x00000000c0c00000, 0x00000000c0b00000| Untracked 
|  12|0x00000000c0c00000, 0x00000000c0cfffe8, 0x00000000c0d00000| 99%| O|  |TAMS 0x00000000c0cfffe8, 0x00000000c0c00000| Untracked 
|  13|0x00000000c0d00000, 0x00000000c0e00000, 0x00000000c0e00000|100%| O|  |TAMS 0x00000000c0e00000, 0x00000000c0d00000| Untracked 
|  14|0x00000000c0e00000, 0x00000000c0effff0, 0x00000000c0f00000| 99%| O|  |TAMS 0x00000000c0effff0, 0x00000000c0e00000| Untracked 
|  15|0x00000000c0f00000, 0x00000000c1000000, 0x00000000c1000000|100%| O|  |TAMS 0x00000000c1000000, 0x00000000c0f00000| Untracked 
|  16|0x00000000c1000000, 0x00000000c10fffa8, 0x00000000c1100000| 99%| O|  |TAMS 0x00000000c10fffa8, 0x00000000c1000000| Untracked 
|  17|0x00000000c1100000, 0x00000000c11ffff0, 0x00000000c1200000| 99%| O|  |TAMS 0x00000000c11ffff0, 0x00000000c1100000| Untracked 
|  18|0x00000000c1200000, 0x00000000c12fffe0, 0x00000000c1300000| 99%| O|  |TAMS 0x00000000c12fffe0, 0x00000000c1200000| Untracked 
|  19|0x00000000c1300000, 0x00000000c1400000, 0x00000000c1400000|100%| O|  |TAMS 0x00000000c1400000, 0x00000000c1300000| Untracked 
|  20|0x00000000c1400000, 0x00000000c14ffff0, 0x00000000c1500000| 99%| O|  |TAMS 0x00000000c14ffff0, 0x00000000c1400000| Untracked 
|  21|0x00000000c1500000, 0x00000000c15fffc8, 0x00000000c1600000| 99%| O|  |TAMS 0x00000000c15fffc8, 0x00000000c1500000| Untracked 
|  22|0x00000000c1600000, 0x00000000c16ffff0, 0x00000000c1700000| 99%| O|  |TAMS 0x00000000c16ffff0, 0x00000000c1600000| Untracked 
|  23|0x00000000c1700000, 0x00000000c17f8ce8, 0x00000000c1800000| 97%| O|  |TAMS 0x00000000c17f8ce8, 0x00000000c1700000| Untracked 
|  24|0x00000000c1800000, 0x00000000c18ffff8, 0x00000000c1900000| 99%| O|  |TAMS 0x00000000c18ffff8, 0x00000000c1800000| Untracked 
|  25|0x00000000c1900000, 0x00000000c19fffc8, 0x00000000c1a00000| 99%| O|  |TAMS 0x00000000c19fffc8, 0x00000000c1900000| Untracked 
|  26|0x00000000c1a00000, 0x00000000c1aff130, 0x00000000c1b00000| 99%| O|  |TAMS 0x00000000c1aff130, 0x00000000c1a00000| Untracked 
|  27|0x00000000c1b00000, 0x00000000c1bffdd0, 0x00000000c1c00000| 99%| O|  |TAMS 0x00000000c1bffdd0, 0x00000000c1b00000| Untracked 
|  28|0x00000000c1c00000, 0x00000000c1d00000, 0x00000000c1d00000|100%| O|  |TAMS 0x00000000c1c00000, 0x00000000c1c00000| Untracked 
|  29|0x00000000c1d00000, 0x00000000c1df75a8, 0x00000000c1e00000| 96%| O|  |TAMS 0x00000000c1d00000, 0x00000000c1d00000| Untracked 
|  30|0x00000000c1e00000, 0x00000000c1ef60e0, 0x00000000c1f00000| 96%| O|  |TAMS 0x00000000c1ef60e0, 0x00000000c1e00000| Untracked 
|  31|0x00000000c1f00000, 0x00000000c1ff8c48, 0x00000000c2000000| 97%| O|  |TAMS 0x00000000c1ff8c48, 0x00000000c1f00000| Untracked 
|  32|0x00000000c2000000, 0x00000000c2000000, 0x00000000c2100000|  0%| F|  |TAMS 0x00000000c2000000, 0x00000000c2000000| Untracked 
|  33|0x00000000c2100000, 0x00000000c2100000, 0x00000000c2200000|  0%| F|  |TAMS 0x00000000c2100000, 0x00000000c2100000| Untracked 
|  34|0x00000000c2200000, 0x00000000c2200000, 0x00000000c2300000|  0%| F|  |TAMS 0x00000000c2200000, 0x00000000c2200000| Untracked 
|  35|0x00000000c2300000, 0x00000000c2300000, 0x00000000c2400000|  0%| F|  |TAMS 0x00000000c2300000, 0x00000000c2300000| Untracked 
|  36|0x00000000c2400000, 0x00000000c2400000, 0x00000000c2500000|  0%| F|  |TAMS 0x00000000c2400000, 0x00000000c2400000| Untracked 
|  37|0x00000000c2500000, 0x00000000c2500000, 0x00000000c2600000|  0%| F|  |TAMS 0x00000000c2500000, 0x00000000c2500000| Untracked 
|  38|0x00000000c2600000, 0x00000000c2600000, 0x00000000c2700000|  0%| F|  |TAMS 0x00000000c2600000, 0x00000000c2600000| Untracked 
|  39|0x00000000c2700000, 0x00000000c2700000, 0x00000000c2800000|  0%| F|  |TAMS 0x00000000c2700000, 0x00000000c2700000| Untracked 
|  40|0x00000000c2800000, 0x00000000c2800000, 0x00000000c2900000|  0%| F|  |TAMS 0x00000000c2800000, 0x00000000c2800000| Untracked 
|  41|0x00000000c2900000, 0x00000000c2900000, 0x00000000c2a00000|  0%| F|  |TAMS 0x00000000c2900000, 0x00000000c2900000| Untracked 
|  42|0x00000000c2a00000, 0x00000000c2a00000, 0x00000000c2b00000|  0%| F|  |TAMS 0x00000000c2a00000, 0x00000000c2a00000| Untracked 
|  43|0x00000000c2b00000, 0x00000000c2b00000, 0x00000000c2c00000|  0%| F|  |TAMS 0x00000000c2b00000, 0x00000000c2b00000| Untracked 
|  44|0x00000000c2c00000, 0x00000000c2c00000, 0x00000000c2d00000|  0%| F|  |TAMS 0x00000000c2c00000, 0x00000000c2c00000| Untracked 
|  45|0x00000000c2d00000, 0x00000000c2d00000, 0x00000000c2e00000|  0%| F|  |TAMS 0x00000000c2d00000, 0x00000000c2d00000| Untracked 
|  46|0x00000000c2e00000, 0x00000000c2e00000, 0x00000000c2f00000|  0%| F|  |TAMS 0x00000000c2e00000, 0x00000000c2e00000| Untracked 
|  47|0x00000000c2f00000, 0x00000000c2f00000, 0x00000000c3000000|  0%| F|  |TAMS 0x00000000c2f00000, 0x00000000c2f00000| Untracked 
|  48|0x00000000c3000000, 0x00000000c3000000, 0x00000000c3100000|  0%| F|  |TAMS 0x00000000c3000000, 0x00000000c3000000| Untracked 
|  49|0x00000000c3100000, 0x00000000c3100000, 0x00000000c3200000|  0%| F|  |TAMS 0x00000000c3100000, 0x00000000c3100000| Untracked 
|  50|0x00000000c3200000, 0x00000000c3200000, 0x00000000c3300000|  0%| F|  |TAMS 0x00000000c3200000, 0x00000000c3200000| Untracked 
|  51|0x00000000c3300000, 0x00000000c3300000, 0x00000000c3400000|  0%| F|  |TAMS 0x00000000c3300000, 0x00000000c3300000| Untracked 
|  52|0x00000000c3400000, 0x00000000c3400000, 0x00000000c3500000|  0%| F|  |TAMS 0x00000000c3400000, 0x00000000c3400000| Untracked 
|  53|0x00000000c3500000, 0x00000000c3500000, 0x00000000c3600000|  0%| F|  |TAMS 0x00000000c3500000, 0x00000000c3500000| Untracked 
|  54|0x00000000c3600000, 0x00000000c3600000, 0x00000000c3700000|  0%| F|  |TAMS 0x00000000c3600000, 0x00000000c3600000| Untracked 
|  55|0x00000000c3700000, 0x00000000c3700000, 0x00000000c3800000|  0%| F|  |TAMS 0x00000000c3700000, 0x00000000c3700000| Untracked 
|  56|0x00000000c3800000, 0x00000000c3800000, 0x00000000c3900000|  0%| F|  |TAMS 0x00000000c3800000, 0x00000000c3800000| Untracked 
|  57|0x00000000c3900000, 0x00000000c3900000, 0x00000000c3a00000|  0%| F|  |TAMS 0x00000000c3900000, 0x00000000c3900000| Untracked 
|  58|0x00000000c3a00000, 0x00000000c3a00000, 0x00000000c3b00000|  0%| F|  |TAMS 0x00000000c3a00000, 0x00000000c3a00000| Untracked 
|  59|0x00000000c3b00000, 0x00000000c3b00000, 0x00000000c3c00000|  0%| F|  |TAMS 0x00000000c3b00000, 0x00000000c3b00000| Untracked 
|  60|0x00000000c3c00000, 0x00000000c3c00000, 0x00000000c3d00000|  0%| F|  |TAMS 0x00000000c3c00000, 0x00000000c3c00000| Untracked 
|  61|0x00000000c3d00000, 0x00000000c3d00000, 0x00000000c3e00000|  0%| F|  |TAMS 0x00000000c3d00000, 0x00000000c3d00000| Untracked 
|  62|0x00000000c3e00000, 0x00000000c3e00000, 0x00000000c3f00000|  0%| F|  |TAMS 0x00000000c3e00000, 0x00000000c3e00000| Untracked 
|  63|0x00000000c3f00000, 0x00000000c3f00000, 0x00000000c4000000|  0%| F|  |TAMS 0x00000000c3f00000, 0x00000000c3f00000| Untracked 
|  64|0x00000000c4000000, 0x00000000c40009a0, 0x00000000c4100000|  0%| O|  |TAMS 0x00000000c4000000, 0x00000000c4000000| Untracked 
|  65|0x00000000c4100000, 0x00000000c4100000, 0x00000000c4200000|  0%| F|  |TAMS 0x00000000c4100000, 0x00000000c4100000| Untracked 
|  66|0x00000000c4200000, 0x00000000c4200000, 0x00000000c4300000|  0%| F|  |TAMS 0x00000000c4200000, 0x00000000c4200000| Untracked 
|  67|0x00000000c4300000, 0x00000000c4300000, 0x00000000c4400000|  0%| F|  |TAMS 0x00000000c4300000, 0x00000000c4300000| Untracked 
|  68|0x00000000c4400000, 0x00000000c4400000, 0x00000000c4500000|  0%| F|  |TAMS 0x00000000c4400000, 0x00000000c4400000| Untracked 
|  69|0x00000000c4500000, 0x00000000c4500000, 0x00000000c4600000|  0%| F|  |TAMS 0x00000000c4500000, 0x00000000c4500000| Untracked 
|  70|0x00000000c4600000, 0x00000000c4600000, 0x00000000c4700000|  0%| F|  |TAMS 0x00000000c4600000, 0x00000000c4600000| Untracked 
|  71|0x00000000c4700000, 0x00000000c4700000, 0x00000000c4800000|  0%| F|  |TAMS 0x00000000c4700000, 0x00000000c4700000| Untracked 
|  72|0x00000000c4800000, 0x00000000c4800000, 0x00000000c4900000|  0%| F|  |TAMS 0x00000000c4800000, 0x00000000c4800000| Untracked 
|  73|0x00000000c4900000, 0x00000000c4900000, 0x00000000c4a00000|  0%| F|  |TAMS 0x00000000c4900000, 0x00000000c4900000| Untracked 
|  74|0x00000000c4a00000, 0x00000000c4a00000, 0x00000000c4b00000|  0%| F|  |TAMS 0x00000000c4a00000, 0x00000000c4a00000| Untracked 
|  75|0x00000000c4b00000, 0x00000000c4b00000, 0x00000000c4c00000|  0%| F|  |TAMS 0x00000000c4b00000, 0x00000000c4b00000| Untracked 
|  76|0x00000000c4c00000, 0x00000000c4c00000, 0x00000000c4d00000|  0%| F|  |TAMS 0x00000000c4c00000, 0x00000000c4c00000| Untracked 
|  77|0x00000000c4d00000, 0x00000000c4d00000, 0x00000000c4e00000|  0%| F|  |TAMS 0x00000000c4d00000, 0x00000000c4d00000| Untracked 
|  78|0x00000000c4e00000, 0x00000000c4e00000, 0x00000000c4f00000|  0%| F|  |TAMS 0x00000000c4e00000, 0x00000000c4e00000| Untracked 
|  79|0x00000000c4f00000, 0x00000000c4f00000, 0x00000000c5000000|  0%| F|  |TAMS 0x00000000c4f00000, 0x00000000c4f00000| Untracked 
|  80|0x00000000c5000000, 0x00000000c5000000, 0x00000000c5100000|  0%| F|  |TAMS 0x00000000c5000000, 0x00000000c5000000| Untracked 
|  81|0x00000000c5100000, 0x00000000c5100000, 0x00000000c5200000|  0%| F|  |TAMS 0x00000000c5100000, 0x00000000c5100000| Untracked 
|  82|0x00000000c5200000, 0x00000000c5200000, 0x00000000c5300000|  0%| F|  |TAMS 0x00000000c5200000, 0x00000000c5200000| Untracked 
|  83|0x00000000c5300000, 0x00000000c5300000, 0x00000000c5400000|  0%| F|  |TAMS 0x00000000c5300000, 0x00000000c5300000| Untracked 
|  84|0x00000000c5400000, 0x00000000c5400000, 0x00000000c5500000|  0%| F|  |TAMS 0x00000000c5400000, 0x00000000c5400000| Untracked 
|  85|0x00000000c5500000, 0x00000000c5500000, 0x00000000c5600000|  0%| F|  |TAMS 0x00000000c5500000, 0x00000000c5500000| Untracked 
|  86|0x00000000c5600000, 0x00000000c5600000, 0x00000000c5700000|  0%| F|  |TAMS 0x00000000c5600000, 0x00000000c5600000| Untracked 
|  87|0x00000000c5700000, 0x00000000c5700000, 0x00000000c5800000|  0%| F|  |TAMS 0x00000000c5700000, 0x00000000c5700000| Untracked 
|  88|0x00000000c5800000, 0x00000000c5800000, 0x00000000c5900000|  0%| F|  |TAMS 0x00000000c5800000, 0x00000000c5800000| Untracked 
|  89|0x00000000c5900000, 0x00000000c5900000, 0x00000000c5a00000|  0%| F|  |TAMS 0x00000000c5900000, 0x00000000c5900000| Untracked 
|  90|0x00000000c5a00000, 0x00000000c5a00000, 0x00000000c5b00000|  0%| F|  |TAMS 0x00000000c5a00000, 0x00000000c5a00000| Untracked 
|  91|0x00000000c5b00000, 0x00000000c5b00000, 0x00000000c5c00000|  0%| F|  |TAMS 0x00000000c5b00000, 0x00000000c5b00000| Untracked 
|  92|0x00000000c5c00000, 0x00000000c5c00000, 0x00000000c5d00000|  0%| F|  |TAMS 0x00000000c5c00000, 0x00000000c5c00000| Untracked 
|  93|0x00000000c5d00000, 0x00000000c5d00000, 0x00000000c5e00000|  0%| F|  |TAMS 0x00000000c5d00000, 0x00000000c5d00000| Untracked 
|  94|0x00000000c5e00000, 0x00000000c5e00000, 0x00000000c5f00000|  0%| F|  |TAMS 0x00000000c5e00000, 0x00000000c5e00000| Untracked 
|  95|0x00000000c5f00000, 0x00000000c5f00000, 0x00000000c6000000|  0%| F|  |TAMS 0x00000000c5f00000, 0x00000000c5f00000| Untracked 
|  96|0x00000000c6000000, 0x00000000c6000000, 0x00000000c6100000|  0%| F|  |TAMS 0x00000000c6000000, 0x00000000c6000000| Untracked 
|  97|0x00000000c6100000, 0x00000000c6100000, 0x00000000c6200000|  0%| F|  |TAMS 0x00000000c6100000, 0x00000000c6100000| Untracked 
|  98|0x00000000c6200000, 0x00000000c6200000, 0x00000000c6300000|  0%| F|  |TAMS 0x00000000c6200000, 0x00000000c6200000| Untracked 
|  99|0x00000000c6300000, 0x00000000c6300000, 0x00000000c6400000|  0%| F|  |TAMS 0x00000000c6300000, 0x00000000c6300000| Untracked 
| 100|0x00000000c6400000, 0x00000000c6400000, 0x00000000c6500000|  0%| F|  |TAMS 0x00000000c6400000, 0x00000000c6400000| Untracked 
| 101|0x00000000c6500000, 0x00000000c6500000, 0x00000000c6600000|  0%| F|  |TAMS 0x00000000c6500000, 0x00000000c6500000| Untracked 
| 102|0x00000000c6600000, 0x00000000c6600000, 0x00000000c6700000|  0%| F|  |TAMS 0x00000000c6600000, 0x00000000c6600000| Untracked 
| 103|0x00000000c6700000, 0x00000000c6700000, 0x00000000c6800000|  0%| F|  |TAMS 0x00000000c6700000, 0x00000000c6700000| Untracked 
| 104|0x00000000c6800000, 0x00000000c6800000, 0x00000000c6900000|  0%| F|  |TAMS 0x00000000c6800000, 0x00000000c6800000| Untracked 
| 105|0x00000000c6900000, 0x00000000c697b638, 0x00000000c6a00000| 48%| E|  |TAMS 0x00000000c6900000, 0x00000000c6900000| Complete 
| 106|0x00000000c6a00000, 0x00000000c6b00000, 0x00000000c6b00000|100%| E|CS|TAMS 0x00000000c6a00000, 0x00000000c6a00000| Complete 

Card table byte_map: [0x000001b7f3420000,0x000001b7f3620000] _byte_map_base: 0x000001b7f2e20000

Marking Bits (Prev, Next): (CMBitMap*) 0x000001b7ecf78260, (CMBitMap*) 0x000001b7ecf78220
 Prev Bits: [0x000001b7f4820000, 0x000001b7f5820000)
 Next Bits: [0x000001b7f3820000, 0x000001b7f4820000)

Polling page: 0x000001b7eae80000

Metaspace:

Usage:
  Non-class:     49.97 MB used.
      Class:      7.08 MB used.
       Both:     57.05 MB used.

Virtual space:
  Non-class space:       64.00 MB reserved,      50.38 MB ( 79%) committed,  1 nodes.
      Class space:        1.00 GB reserved,       7.31 MB ( <1%) committed,  1 nodes.
             Both:        1.06 GB reserved,      57.69 MB (  5%) committed. 

Chunk freelists:
   Non-Class:  13.13 MB
       Class:  8.65 MB
        Both:  21.78 MB

MaxMetaspaceSize: unlimited
CompressedClassSpaceSize: 1.00 GB
Initial GC threshold: 21.00 MB
Current GC threshold: 96.06 MB
CDS: off
MetaspaceReclaimPolicy: balanced
 - commit_granule_bytes: 65536.
 - commit_granule_words: 8192.
 - virtual_space_node_default_size: 8388608.
 - enlarge_chunks_in_place: 1.
 - new_chunks_are_fully_committed: 0.
 - uncommit_free_chunks: 1.
 - use_allocation_guard: 0.
 - handle_deallocations: 1.


Internal statistics:

num_allocs_failed_limit: 6.
num_arena_births: 654.
num_arena_deaths: 222.
num_vsnodes_births: 2.
num_vsnodes_deaths: 0.
num_space_committed: 923.
num_space_uncommitted: 0.
num_chunks_returned_to_freelist: 265.
num_chunks_taken_from_freelist: 2475.
num_chunk_merges: 84.
num_chunk_splits: 1712.
num_chunks_enlarged: 1321.
num_inconsistent_stats: 0.

CodeCache: size=49152Kb used=9712Kb max_used=10793Kb free=39439Kb
 bounds [0x000001b7efbc0000, 0x000001b7f0670000, 0x000001b7f2bc0000]
 total_blobs=6008 nmethods=5340 adapters=594
 compilation: enabled
              stopped_count=0, restarted_count=0
 full_count=0

Compilation events (20 events):
Event: 1214.792 Thread 0x000001b7f893e330 5332       1       java.util.concurrent.ThreadPoolExecutor::ensurePrestart (41 bytes)
Event: 1214.793 Thread 0x000001b7f893e330 nmethod 5332 0x000001b7f0266990 code [0x000001b7f0266b40, 0x000001b7f0266cb8]
Event: 1221.547 Thread 0x000001b7f893e330 5333       1       ch.qos.logback.core.LayoutBase::isStarted (5 bytes)
Event: 1221.547 Thread 0x000001b7f893e330 nmethod 5333 0x000001b7f0266690 code [0x000001b7f0266820, 0x000001b7f02668f8]
Event: 1221.547 Thread 0x000001b7f893e330 5334       1       ch.qos.logback.classic.spi.LoggingEvent::getLoggerName (5 bytes)
Event: 1221.547 Thread 0x000001b7f893e330 nmethod 5334 0x000001b7f0266390 code [0x000001b7f0266520, 0x000001b7f02665f8]
Event: 1246.781 Thread 0x000001b7f893e330 5335       1       org.eclipse.lsp4j.jsonrpc.messages.Message::setJsonrpc (6 bytes)
Event: 1246.781 Thread 0x000001b7f893e330 nmethod 5335 0x000001b7f0266090 code [0x000001b7f0266220, 0x000001b7f0266338]
Event: 1246.781 Thread 0x000001b7f893e330 5336       1       org.eclipse.lsp4j.jsonrpc.messages.Either::getLeft (5 bytes)
Event: 1246.782 Thread 0x000001b7f893e330 nmethod 5336 0x000001b7f0265d90 code [0x000001b7f0265f20, 0x000001b7f0265ff8]
Event: 1248.816 Thread 0x000001b7f893e330 5337       1       java.util.concurrent.ScheduledThreadPoolExecutor$DelayedWorkQueue::finishPoll (43 bytes)
Event: 1248.817 Thread 0x000001b7f893e330 nmethod 5337 0x000001b7f0265890 code [0x000001b7f0265a40, 0x000001b7f0265c28]
Event: 1258.811 Thread 0x000001b7f893e330 5338       1       java.util.concurrent.ScheduledThreadPoolExecutor$ScheduledFutureTask::run (57 bytes)
Event: 1258.814 Thread 0x000001b7f893e330 nmethod 5338 0x000001b7f0265310 code [0x000001b7f0265500, 0x000001b7f0265738]
Event: 1258.814 Thread 0x000001b7f893e330 5340       1       java.util.concurrent.locks.AbstractQueuedSynchronizer$ConditionObject::awaitNanos (200 bytes)
Event: 1258.821 Thread 0x000001b7f893e330 nmethod 5340 0x000001b7f0264410 code [0x000001b7f0264640, 0x000001b7f0264e28]
Event: 1258.821 Thread 0x000001b7f893e330 5339       1       java.util.concurrent.ScheduledThreadPoolExecutor$ScheduledFutureTask::isPeriodic (15 bytes)
Event: 1258.821 Thread 0x000001b7f893e330 nmethod 5339 0x000001b7f0264110 code [0x000001b7f02642a0, 0x000001b7f0264398]
Event: 1264.819 Thread 0x000001b7f893e330 5341       1       java.util.concurrent.locks.AbstractQueuedSynchronizer$ConditionObject::unlinkCancelledWaiters (91 bytes)
Event: 1264.820 Thread 0x000001b7f893e330 nmethod 5341 0x000001b7f0263b90 code [0x000001b7f0263d40, 0x000001b7f0263fd8]

GC Heap History (20 events):
Event: 1080.734 GC heap before
{Heap before GC invocations=107 (full 95):
 garbage-first heap   total 109568K, used 32674K [0x00000000c0000000, 0x0000000100000000)
  region size 1024K, 1 young (1024K), 0 survivors (0K)
 Metaspace       used 58352K, committed 59072K, reserved 1114112K
  class space    used 7231K, committed 7488K, reserved 1048576K
}
Event: 1080.771 GC heap after
{Heap after GC invocations=108 (full 96):
 garbage-first heap   total 109568K, used 32674K [0x00000000c0000000, 0x0000000100000000)
  region size 1024K, 0 young (0K), 0 survivors (0K)
 Metaspace       used 58352K, committed 59072K, reserved 1114112K
  class space    used 7231K, committed 7488K, reserved 1048576K
}
Event: 1091.184 GC heap before
{Heap before GC invocations=108 (full 96):
 garbage-first heap   total 109568K, used 32674K [0x00000000c0000000, 0x0000000100000000)
  region size 1024K, 1 young (1024K), 0 survivors (0K)
 Metaspace       used 58352K, committed 59072K, reserved 1114112K
  class space    used 7231K, committed 7488K, reserved 1048576K
}
Event: 1091.250 GC heap after
{Heap after GC invocations=109 (full 97):
 garbage-first heap   total 109568K, used 32674K [0x00000000c0000000, 0x0000000100000000)
  region size 1024K, 0 young (0K), 0 survivors (0K)
 Metaspace       used 58352K, committed 59072K, reserved 1114112K
  class space    used 7231K, committed 7488K, reserved 1048576K
}
Event: 1101.693 GC heap before
{Heap before GC invocations=109 (full 97):
 garbage-first heap   total 109568K, used 32674K [0x00000000c0000000, 0x0000000100000000)
  region size 1024K, 1 young (1024K), 0 survivors (0K)
 Metaspace       used 58352K, committed 59072K, reserved 1114112K
  class space    used 7231K, committed 7488K, reserved 1048576K
}
Event: 1101.751 GC heap after
{Heap after GC invocations=110 (full 98):
 garbage-first heap   total 109568K, used 32674K [0x00000000c0000000, 0x0000000100000000)
  region size 1024K, 0 young (0K), 0 survivors (0K)
 Metaspace       used 58352K, committed 59072K, reserved 1114112K
  class space    used 7231K, committed 7488K, reserved 1048576K
}
Event: 1112.050 GC heap before
{Heap before GC invocations=110 (full 98):
 garbage-first heap   total 109568K, used 32674K [0x00000000c0000000, 0x0000000100000000)
  region size 1024K, 1 young (1024K), 0 survivors (0K)
 Metaspace       used 58352K, committed 59072K, reserved 1114112K
  class space    used 7231K, committed 7488K, reserved 1048576K
}
Event: 1112.091 GC heap after
{Heap after GC invocations=111 (full 99):
 garbage-first heap   total 109568K, used 32674K [0x00000000c0000000, 0x0000000100000000)
  region size 1024K, 0 young (0K), 0 survivors (0K)
 Metaspace       used 58352K, committed 59072K, reserved 1114112K
  class space    used 7231K, committed 7488K, reserved 1048576K
}
Event: 1122.512 GC heap before
{Heap before GC invocations=111 (full 99):
 garbage-first heap   total 109568K, used 32674K [0x00000000c0000000, 0x0000000100000000)
  region size 1024K, 1 young (1024K), 0 survivors (0K)
 Metaspace       used 58352K, committed 59072K, reserved 1114112K
  class space    used 7231K, committed 7488K, reserved 1048576K
}
Event: 1122.556 GC heap after
{Heap after GC invocations=112 (full 100):
 garbage-first heap   total 109568K, used 32674K [0x00000000c0000000, 0x0000000100000000)
  region size 1024K, 0 young (0K), 0 survivors (0K)
 Metaspace       used 58352K, committed 59072K, reserved 1114112K
  class space    used 7231K, committed 7488K, reserved 1048576K
}
Event: 1133.180 GC heap before
{Heap before GC invocations=112 (full 100):
 garbage-first heap   total 109568K, used 32674K [0x00000000c0000000, 0x0000000100000000)
  region size 1024K, 1 young (1024K), 0 survivors (0K)
 Metaspace       used 58352K, committed 59072K, reserved 1114112K
  class space    used 7231K, committed 7488K, reserved 1048576K
}
Event: 1133.240 GC heap after
{Heap after GC invocations=113 (full 101):
 garbage-first heap   total 109568K, used 32674K [0x00000000c0000000, 0x0000000100000000)
  region size 1024K, 0 young (0K), 0 survivors (0K)
 Metaspace       used 58352K, committed 59072K, reserved 1114112K
  class space    used 7231K, committed 7488K, reserved 1048576K
}
Event: 1143.523 GC heap before
{Heap before GC invocations=113 (full 101):
 garbage-first heap   total 109568K, used 32674K [0x00000000c0000000, 0x0000000100000000)
  region size 1024K, 1 young (1024K), 0 survivors (0K)
 Metaspace       used 58352K, committed 59072K, reserved 1114112K
  class space    used 7231K, committed 7488K, reserved 1048576K
}
Event: 1143.557 GC heap after
{Heap after GC invocations=114 (full 102):
 garbage-first heap   total 109568K, used 32674K [0x00000000c0000000, 0x0000000100000000)
  region size 1024K, 0 young (0K), 0 survivors (0K)
 Metaspace       used 58352K, committed 59072K, reserved 1114112K
  class space    used 7231K, committed 7488K, reserved 1048576K
}
Event: 1153.856 GC heap before
{Heap before GC invocations=114 (full 102):
 garbage-first heap   total 109568K, used 32674K [0x00000000c0000000, 0x0000000100000000)
  region size 1024K, 1 young (1024K), 0 survivors (0K)
 Metaspace       used 58352K, committed 59072K, reserved 1114112K
  class space    used 7231K, committed 7488K, reserved 1048576K
}
Event: 1153.907 GC heap after
{Heap after GC invocations=115 (full 103):
 garbage-first heap   total 109568K, used 32674K [0x00000000c0000000, 0x0000000100000000)
  region size 1024K, 0 young (0K), 0 survivors (0K)
 Metaspace       used 58352K, committed 59072K, reserved 1114112K
  class space    used 7231K, committed 7488K, reserved 1048576K
}
Event: 1164.219 GC heap before
{Heap before GC invocations=115 (full 103):
 garbage-first heap   total 109568K, used 32674K [0x00000000c0000000, 0x0000000100000000)
  region size 1024K, 1 young (1024K), 0 survivors (0K)
 Metaspace       used 58352K, committed 59072K, reserved 1114112K
  class space    used 7231K, committed 7488K, reserved 1048576K
}
Event: 1164.263 GC heap after
{Heap after GC invocations=116 (full 104):
 garbage-first heap   total 109568K, used 32674K [0x00000000c0000000, 0x0000000100000000)
  region size 1024K, 0 young (0K), 0 survivors (0K)
 Metaspace       used 58352K, committed 59072K, reserved 1114112K
  class space    used 7231K, committed 7488K, reserved 1048576K
}
Event: 1214.696 GC heap before
{Heap before GC invocations=116 (full 104):
 garbage-first heap   total 109568K, used 38818K [0x00000000c0000000, 0x0000000100000000)
  region size 1024K, 7 young (7168K), 0 survivors (0K)
 Metaspace       used 58415K, committed 59072K, reserved 1114112K
  class space    used 7245K, committed 7488K, reserved 1048576K
}
Event: 1214.788 GC heap after
{Heap after GC invocations=117 (full 105):
 garbage-first heap   total 109568K, used 32633K [0x00000000c0000000, 0x0000000100000000)
  region size 1024K, 0 young (0K), 0 survivors (0K)
 Metaspace       used 58415K, committed 59072K, reserved 1114112K
  class space    used 7245K, committed 7488K, reserved 1048576K
}

Dll operation events (10 events):
Event: 0.033 Loaded shared library c:\Users\ASUS1\.vscode\extensions\redhat.java-1.28.1-win32-x64\jre\17.0.10-win32-x86_64\bin\java.dll
Event: 0.597 Loaded shared library C:\Users\ASUS1\.vscode\extensions\redhat.java-1.28.1-win32-x64\jre\17.0.10-win32-x86_64\bin\net.dll
Event: 0.602 Loaded shared library C:\Users\ASUS1\.vscode\extensions\redhat.java-1.28.1-win32-x64\jre\17.0.10-win32-x86_64\bin\nio.dll
Event: 0.625 Loaded shared library C:\Users\ASUS1\.vscode\extensions\redhat.java-1.28.1-win32-x64\jre\17.0.10-win32-x86_64\bin\zip.dll
Event: 2.009 Loaded shared library C:\Users\ASUS1\.vscode\extensions\redhat.java-1.28.1-win32-x64\jre\17.0.10-win32-x86_64\bin\jimage.dll
Event: 5.453 Loaded shared library c:\Users\ASUS1\.vscode\extensions\redhat.java-1.28.1-win32-x64\jre\17.0.10-win32-x86_64\bin\verify.dll
Event: 9.083 Loaded shared library C:\Users\ASUS1\.vscode\extensions\redhat.java-1.28.1-win32-x64\jre\17.0.10-win32-x86_64\bin\management.dll
Event: 9.088 Loaded shared library C:\Users\ASUS1\.vscode\extensions\redhat.java-1.28.1-win32-x64\jre\17.0.10-win32-x86_64\bin\management_ext.dll
Event: 10.902 Loaded shared library C:\Users\ASUS1\.vscode\extensions\redhat.java-1.28.1-win32-x64\jre\17.0.10-win32-x86_64\bin\sunmscapi.dll
Event: 11.204 Loaded shared library C:\Users\ASUS1\.vscode\extensions\redhat.java-1.28.1-win32-x64\jre\17.0.10-win32-x86_64\bin\extnet.dll

Deoptimization events (8 events):
Event: 9.865 Thread 0x000001b7fe37a460 DEOPT PACKING pc=0x000001b7effe2901 sp=0x000000477c2fda90
Event: 9.865 Thread 0x000001b7fe37a460 DEOPT UNPACKING pc=0x000001b7efc17143 sp=0x000000477c2fcf20 mode 3
Event: 9.867 Thread 0x000001b7fe5100b0 DEOPT PACKING pc=0x000001b7effc4597 sp=0x000000477c8fef30
Event: 9.867 Thread 0x000001b7fe5100b0 DEOPT UNPACKING pc=0x000001b7efc17143 sp=0x000000477c8fe388 mode 3
Event: 10.992 Thread 0x000001b7fe63f8a0 DEOPT PACKING pc=0x000001b7efd2158c sp=0x000000477d9fadb0
Event: 10.992 Thread 0x000001b7fe63f8a0 DEOPT UNPACKING pc=0x000001b7efc17143 sp=0x000000477d9fa278 mode 0
Event: 146.435 Thread 0x000001b7fe37a460 DEOPT PACKING pc=0x000001b7f00afd54 sp=0x000000477c2fec70
Event: 146.435 Thread 0x000001b7fe37a460 DEOPT UNPACKING pc=0x000001b7efc17143 sp=0x000000477c2fe118 mode 0

Classes unloaded (20 events):
Event: 122.353 Thread 0x000001b7f87aba80 Unloading class 0x00000001003a5400 'java/lang/invoke/LambdaForm$MH+0x00000001003a5400'
Event: 122.353 Thread 0x000001b7f87aba80 Unloading class 0x00000001003a5000 'java/lang/invoke/LambdaForm$MH+0x00000001003a5000'
Event: 122.353 Thread 0x000001b7f87aba80 Unloading class 0x0000000100096000 'java/lang/invoke/LambdaForm$MH+0x0000000100096000'
Event: 122.353 Thread 0x000001b7f87aba80 Unloading class 0x0000000100095c00 'java/lang/invoke/LambdaForm$MH+0x0000000100095c00'
Event: 122.353 Thread 0x000001b7f87aba80 Unloading class 0x0000000100095800 'java/lang/invoke/LambdaForm$MH+0x0000000100095800'
Event: 122.353 Thread 0x000001b7f87aba80 Unloading class 0x0000000100095400 'java/lang/invoke/LambdaForm$MH+0x0000000100095400'
Event: 122.353 Thread 0x000001b7f87aba80 Unloading class 0x0000000100095000 'java/lang/invoke/LambdaForm$MH+0x0000000100095000'
Event: 122.353 Thread 0x000001b7f87aba80 Unloading class 0x0000000100094c00 'java/lang/invoke/LambdaForm$MH+0x0000000100094c00'
Event: 122.353 Thread 0x000001b7f87aba80 Unloading class 0x0000000100094800 'java/lang/invoke/LambdaForm$MH+0x0000000100094800'
Event: 122.353 Thread 0x000001b7f87aba80 Unloading class 0x0000000100094400 'java/lang/invoke/LambdaForm$MH+0x0000000100094400'
Event: 122.353 Thread 0x000001b7f87aba80 Unloading class 0x000000010008e800 'java/lang/invoke/LambdaForm$MH+0x000000010008e800'
Event: 122.353 Thread 0x000001b7f87aba80 Unloading class 0x000000010008e400 'java/lang/invoke/LambdaForm$MH+0x000000010008e400'
Event: 122.353 Thread 0x000001b7f87aba80 Unloading class 0x000000010008e000 'java/lang/invoke/LambdaForm$MH+0x000000010008e000'
Event: 122.353 Thread 0x000001b7f87aba80 Unloading class 0x000000010008dc00 'java/lang/invoke/LambdaForm$MH+0x000000010008dc00'
Event: 122.353 Thread 0x000001b7f87aba80 Unloading class 0x000000010008d800 'java/lang/invoke/LambdaForm$MH+0x000000010008d800'
Event: 122.353 Thread 0x000001b7f87aba80 Unloading class 0x000000010008d400 'java/lang/invoke/LambdaForm$MH+0x000000010008d400'
Event: 122.353 Thread 0x000001b7f87aba80 Unloading class 0x000000010008bc00 'java/lang/invoke/LambdaForm$MH+0x000000010008bc00'
Event: 235.144 Thread 0x000001b7f87aba80 Unloading class 0x00000001003b0c00 'java/lang/invoke/LambdaForm$MH+0x00000001003b0c00'
Event: 235.145 Thread 0x000001b7f87aba80 Unloading class 0x0000000100551000 'java/lang/invoke/LambdaForm$MH+0x0000000100551000'
Event: 235.146 Thread 0x000001b7f87aba80 Unloading class 0x0000000100551800 'java/lang/invoke/LambdaForm$MH+0x0000000100551800'

Classes redefined (0 events):
No events

Internal exceptions (20 events):
Event: 10.260 Thread 0x000001b7fe510ad0 Exception <a 'sun/nio/fs/WindowsException'{0x00000000c92ba440}> (0x00000000c92ba440) 
thrown [s\src\hotspot\share\prims\jni.cpp, line 516]
Event: 10.557 Thread 0x000001b7fe511f10 Exception <a 'java/lang/NoSuchMethodError'{0x00000000c84ecde0}: 'java.lang.Object java.lang.invoke.Invokers$Holder.invoke_MT(java.lang.Object, java.lang.Object, java.lang.Object)'> (0x00000000c84ecde0) 
thrown [s\src\hotspot\share\interpreter\linkResolver.cpp, line 759]
Event: 10.677 Thread 0x000001b7fe641c10 Exception <a 'java/lang/NoSuchMethodError'{0x00000000c7cc05b0}: 'java.lang.Object java.lang.invoke.DirectMethodHandle$Holder.newInvokeSpecial(java.lang.Object, java.lang.Object, java.lang.Object, java.lang.Object, java.lang.Object, long)'> (0x00000000c7cc05b0) 
thrown [s\src\hotspot\share\interpreter\linkResolver.cpp, line 759]
Event: 10.678 Thread 0x000001b7fe641c10 Exception <a 'java/lang/NoSuchMethodError'{0x00000000c7cc4c20}: 'java.lang.Object java.lang.invoke.DirectMethodHandle$Holder.invokeSpecial(java.lang.Object, java.lang.Object, java.lang.Object, java.lang.Object, java.lang.Object, java.lang.Object, long)'> (0x00000000c7cc4c20) 
thrown [s\src\hotspot\share\interpreter\linkResolver.cpp, line 759]
Event: 10.709 Thread 0x000001b7fe63f8a0 Exception <a 'java/lang/NoSuchMethodError'{0x00000000c79de180}: 'void java.lang.invoke.DirectMethodHandle$Holder.invokeVirtual(java.lang.Object, java.lang.Object, java.lang.Object, java.lang.Object)'> (0x00000000c79de180) 
thrown [s\src\hotspot\share\interpreter\linkResolver.cpp, line 759]
Event: 10.848 Thread 0x000001b7fe63f8a0 Exception <a 'java/lang/NoSuchMethodError'{0x00000000c707fc28}: 'java.lang.Object java.lang.invoke.DirectMethodHandle$Holder.invokeStatic(java.lang.Object, java.lang.Object, int, java.lang.Object)'> (0x00000000c707fc28) 
thrown [s\src\hotspot\share\interpreter\linkResolver.cpp, line 759]
Event: 10.849 Thread 0x000001b7fe63f8a0 Exception <a 'java/lang/NoSuchMethodError'{0x00000000c7086008}: 'java.lang.Object java.lang.invoke.DirectMethodHandle$Holder.newInvokeSpecial(java.lang.Object, java.lang.Object, int)'> (0x00000000c7086008) 
thrown [s\src\hotspot\share\interpreter\linkResolver.cpp, line 759]
Event: 10.984 Thread 0x000001b7fe63f8a0 Exception <a 'sun/nio/fs/WindowsException'{0x00000000c63710b0}> (0x00000000c63710b0) 
thrown [s\src\hotspot\share\prims\jni.cpp, line 516]
Event: 11.175 Thread 0x000001b7fe511f10 Exception <a 'java/lang/IncompatibleClassChangeError'{0x00000000c57811c0}: Found class java.lang.Object, but interface was expected> (0x00000000c57811c0) 
thrown [s\src\hotspot\share\interpreter\linkResolver.cpp, line 826]
Event: 11.226 Thread 0x000001b7fe511f10 Exception <a 'java/lang/NoSuchMethodError'{0x00000000c4f8f088}: 'int java.lang.invoke.DirectMethodHandle$Holder.invokeSpecialIFC(java.lang.Object, java.lang.Object, java.lang.Object)'> (0x00000000c4f8f088) 
thrown [s\src\hotspot\share\interpreter\linkResolver.cpp, line 759]
Event: 11.327 Thread 0x000001b7fe511f10 Exception <a 'java/lang/NoSuchMethodError'{0x00000000c4b35f28}: 'int java.lang.invoke.DirectMethodHandle$Holder.invokeStatic(java.lang.Object, int, java.lang.Object)'> (0x00000000c4b35f28) 
thrown [s\src\hotspot\share\interpreter\linkResolver.cpp, line 759]
Event: 11.636 Thread 0x000001b7fe641c10 Exception <a 'java/lang/NoSuchMethodError'{0x00000000c8c5fcc8}: 'java.lang.Object java.lang.invoke.DirectMethodHandle$Holder.invokeStaticInit(java.lang.Object, java.lang.Object, java.lang.Object, java.lang.Object)'> (0x00000000c8c5fcc8) 
thrown [s\src\hotspot\share\interpreter\linkResolver.cpp, line 759]
Event: 11.638 Thread 0x000001b7fe641c10 Exception <a 'java/lang/IncompatibleClassChangeError'{0x00000000c8c79e28}: Found class java.lang.Object, but interface was expected> (0x00000000c8c79e28) 
thrown [s\src\hotspot\share\interpreter\linkResolver.cpp, line 826]
Event: 11.645 Thread 0x000001b7fe641c10 Exception <a 'java/lang/IncompatibleClassChangeError'{0x00000000c8c93b60}: Found class java.lang.Object, but interface was expected> (0x00000000c8c93b60) 
thrown [s\src\hotspot\share\interpreter\linkResolver.cpp, line 826]
Event: 11.661 Thread 0x000001b7fe641c10 Exception <a 'java/lang/IncompatibleClassChangeError'{0x00000000c8ce4760}: Found class java.lang.Object, but interface was expected> (0x00000000c8ce4760) 
thrown [s\src\hotspot\share\interpreter\linkResolver.cpp, line 826]
Event: 49.055 Thread 0x000001b7fe45d480 Exception <a 'java/lang/NoSuchMethodError'{0x00000000c7c02c90}: 'void java.lang.invoke.DirectMethodHandle$Holder.invokeStatic(java.lang.Object, long)'> (0x00000000c7c02c90) 
thrown [s\src\hotspot\share\interpreter\linkResolver.cpp, line 759]
Event: 49.056 Thread 0x000001b7fe45d480 Exception <a 'java/lang/NoSuchMethodError'{0x00000000c7c08040}: 'java.lang.Object java.lang.invoke.DirectMethodHandle$Holder.newInvokeSpecial(java.lang.Object, long)'> (0x00000000c7c08040) 
thrown [s\src\hotspot\share\interpreter\linkResolver.cpp, line 759]
Event: 313.388 Thread 0x000001b7fe6411f0 Exception <a 'java/io/IOException'{0x00000000c7000068}> (0x00000000c7000068) 
thrown [s\src\hotspot\share\prims\jni.cpp, line 516]
Event: 313.884 Thread 0x000001b7fe63e460 Exception <a 'java/io/IOException'{0x00000000c7013db8}> (0x00000000c7013db8) 
thrown [s\src\hotspot\share\prims\jni.cpp, line 516]
Event: 315.187 Thread 0x000001b7fe63fdb0 Exception <a 'java/io/IOException'{0x00000000c7027290}> (0x00000000c7027290) 
thrown [s\src\hotspot\share\prims\jni.cpp, line 516]

VM Operations (20 events):
Event: 1143.557 Executing VM operation: G1CollectFull done
Event: 1153.855 Executing VM operation: G1CollectFull
Event: 1153.907 Executing VM operation: G1CollectFull done
Event: 1164.219 Executing VM operation: G1CollectFull
Event: 1164.263 Executing VM operation: G1CollectFull done
Event: 1169.304 Executing VM operation: Cleanup
Event: 1169.305 Executing VM operation: Cleanup done
Event: 1170.312 Executing VM operation: Cleanup
Event: 1170.313 Executing VM operation: Cleanup done
Event: 1171.321 Executing VM operation: Cleanup
Event: 1171.322 Executing VM operation: Cleanup done
Event: 1175.356 Executing VM operation: Cleanup
Event: 1175.367 Executing VM operation: Cleanup done
Event: 1201.981 Executing VM operation: HandshakeAllThreads
Event: 1201.982 Executing VM operation: HandshakeAllThreads done
Event: 1214.694 Executing VM operation: G1CollectFull
Event: 1214.788 Executing VM operation: G1CollectFull done
Event: 1231.926 Executing VM operation: Cleanup
Event: 1231.926 Executing VM operation: Cleanup done
Event: 1285.242 Executing VM operation: G1CollectFull

Events (20 events):
Event: 1168.932 loading class java/util/concurrent/CompletableFuture$UniRelay
Event: 1168.932 loading class java/util/concurrent/CompletionException
Event: 1168.936 loading class java/util/concurrent/CompletionException done
Event: 1168.940 loading class java/util/concurrent/CompletableFuture$UniRelay done
Event: 1168.956 Thread 0x000001b7fe63e970 Thread added: 0x000001b7fe63e970
Event: 1168.958 Thread 0x000001b7fe642630 Thread added: 0x000001b7fe642630
Event: 1168.986 Thread 0x000001b7fe63f8a0 Thread added: 0x000001b7fe63f8a0
Event: 1169.104 Thread 0x000001b7fd725480 Thread added: 0x000001b7fd725480
Event: 1169.105 Thread 0x000001b7fd9261f0 Thread added: 0x000001b7fd9261f0
Event: 1175.167 Thread 0x000001b7fd9261f0 Thread exited: 0x000001b7fd9261f0
Event: 1175.167 Thread 0x000001b7fd725480 Thread exited: 0x000001b7fd725480
Event: 1175.350 Thread 0x000001b7fe6411f0 Thread added: 0x000001b7fe6411f0
Event: 1175.397 Thread 0x000001b7fd725480 Thread added: 0x000001b7fd725480
Event: 1178.811 Thread 0x000001b7fd725480 Thread exited: 0x000001b7fd725480
Event: 1221.548 Thread 0x000001b7fe641700 Thread added: 0x000001b7fe641700
Event: 1229.223 Thread 0x000001b7fe642630 Thread exited: 0x000001b7fe642630
Event: 1230.893 Thread 0x000001b7fe642120 Thread exited: 0x000001b7fe642120
Event: 1230.955 Thread 0x000001b7fe63f8a0 Thread exited: 0x000001b7fe63f8a0
Event: 1230.970 Thread 0x000001b7fe63e970 Thread exited: 0x000001b7fe63e970
Event: 1231.176 Thread 0x000001b7fe63da40 Thread exited: 0x000001b7fe63da40


Dynamic libraries:
0x00007ff72a010000 - 0x00007ff72a01e000 	c:\Users\ASUS1\.vscode\extensions\redhat.java-1.28.1-win32-x64\jre\17.0.10-win32-x86_64\bin\java.exe
0x00007ffdb8c90000 - 0x00007ffdb8ea7000 	C:\Windows\SYSTEM32\ntdll.dll
0x00007ffdb71d0000 - 0x00007ffdb7294000 	C:\Windows\System32\KERNEL32.DLL
0x00007ffdb6000000 - 0x00007ffdb63a6000 	C:\Windows\System32\KERNELBASE.dll
0x00007ffdb65c0000 - 0x00007ffdb66d1000 	C:\Windows\System32\ucrtbase.dll
0x00007ffda6920000 - 0x00007ffda693b000 	c:\Users\ASUS1\.vscode\extensions\redhat.java-1.28.1-win32-x64\jre\17.0.10-win32-x86_64\bin\VCRUNTIME140.dll
0x00007ffdaf620000 - 0x00007ffdaf637000 	c:\Users\ASUS1\.vscode\extensions\redhat.java-1.28.1-win32-x64\jre\17.0.10-win32-x86_64\bin\jli.dll
0x00007ffdb6f90000 - 0x00007ffdb713e000 	C:\Windows\System32\USER32.dll
0x00007ffdb5fd0000 - 0x00007ffdb5ff6000 	C:\Windows\System32\win32u.dll
0x00007ffdb6e20000 - 0x00007ffdb6e49000 	C:\Windows\System32\GDI32.dll
0x00007ffda4d50000 - 0x00007ffda4fe3000 	C:\Windows\WinSxS\amd64_microsoft.windows.common-controls_6595b64144ccf1df_6.0.22621.2506_none_270c5ae97388e100\COMCTL32.dll
0x00007ffdb64a0000 - 0x00007ffdb65b8000 	C:\Windows\System32\gdi32full.dll
0x00007ffdb8140000 - 0x00007ffdb81e7000 	C:\Windows\System32\msvcrt.dll
0x00007ffdb6850000 - 0x00007ffdb68ea000 	C:\Windows\System32\msvcp_win.dll
0x00007ffdb6e50000 - 0x00007ffdb6e81000 	C:\Windows\System32\IMM32.DLL
0x00007ffdb0ab0000 - 0x00007ffdb0abc000 	c:\Users\ASUS1\.vscode\extensions\redhat.java-1.28.1-win32-x64\jre\17.0.10-win32-x86_64\bin\vcruntime140_1.dll
0x00007ffd9fb50000 - 0x00007ffd9fbdd000 	c:\Users\ASUS1\.vscode\extensions\redhat.java-1.28.1-win32-x64\jre\17.0.10-win32-x86_64\bin\msvcp140.dll
0x00007ffcfef60000 - 0x00007ffcffbc2000 	c:\Users\ASUS1\.vscode\extensions\redhat.java-1.28.1-win32-x64\jre\17.0.10-win32-x86_64\bin\server\jvm.dll
0x00007ffdb72a0000 - 0x00007ffdb7353000 	C:\Windows\System32\ADVAPI32.dll
0x00007ffdb86f0000 - 0x00007ffdb8798000 	C:\Windows\System32\sechost.dll
0x00007ffdb6470000 - 0x00007ffdb6498000 	C:\Windows\System32\bcrypt.dll
0x00007ffdb6b80000 - 0x00007ffdb6c97000 	C:\Windows\System32\RPCRT4.dll
0x00007ffdb4e30000 - 0x00007ffdb4e7d000 	C:\Windows\SYSTEM32\POWRPROF.dll
0x00007ffdadd00000 - 0x00007ffdadd34000 	C:\Windows\SYSTEM32\WINMM.dll
0x00007ffd94900000 - 0x00007ffd94909000 	C:\Windows\SYSTEM32\WSOCK32.dll
0x00007ffdb7140000 - 0x00007ffdb71b1000 	C:\Windows\System32\WS2_32.dll
0x00007ffdad370000 - 0x00007ffdad37a000 	C:\Windows\SYSTEM32\VERSION.dll
0x00007ffdb4e10000 - 0x00007ffdb4e23000 	C:\Windows\SYSTEM32\UMPDC.dll
0x00007ffdb50d0000 - 0x00007ffdb50e8000 	C:\Windows\SYSTEM32\kernel.appcore.dll
0x00007ffdb0a60000 - 0x00007ffdb0a6a000 	c:\Users\ASUS1\.vscode\extensions\redhat.java-1.28.1-win32-x64\jre\17.0.10-win32-x86_64\bin\jimage.dll
0x00007ffdb3460000 - 0x00007ffdb3693000 	C:\Windows\SYSTEM32\DBGHELP.DLL
0x00007ffdb7360000 - 0x00007ffdb76e9000 	C:\Windows\System32\combase.dll
0x00007ffdb8a60000 - 0x00007ffdb8b37000 	C:\Windows\System32\OLEAUT32.dll
0x00007ffdabf20000 - 0x00007ffdabf52000 	C:\Windows\SYSTEM32\dbgcore.DLL
0x00007ffdb68f0000 - 0x00007ffdb696a000 	C:\Windows\System32\bcryptPrimitives.dll
0x00007ffd9ff40000 - 0x00007ffd9ff65000 	c:\Users\ASUS1\.vscode\extensions\redhat.java-1.28.1-win32-x64\jre\17.0.10-win32-x86_64\bin\java.dll
0x00007ffd9fc20000 - 0x00007ffd9fc38000 	c:\Users\ASUS1\.vscode\extensions\redhat.java-1.28.1-win32-x64\jre\17.0.10-win32-x86_64\bin\zip.dll
0x00007ffdb76f0000 - 0x00007ffdb7f4b000 	C:\Windows\System32\SHELL32.dll
0x00007ffdb3ef0000 - 0x00007ffdb47e6000 	C:\Windows\SYSTEM32\windows.storage.dll
0x00007ffdb3db0000 - 0x00007ffdb3eee000 	C:\Windows\SYSTEM32\wintypes.dll
0x00007ffdb6e90000 - 0x00007ffdb6f83000 	C:\Windows\System32\SHCORE.dll
0x00007ffdb8b40000 - 0x00007ffdb8b9e000 	C:\Windows\System32\shlwapi.dll
0x00007ffdb5f00000 - 0x00007ffdb5f26000 	C:\Windows\SYSTEM32\profapi.dll
0x00007ffda68c0000 - 0x00007ffda68d9000 	C:\Users\ASUS1\.vscode\extensions\redhat.java-1.28.1-win32-x64\jre\17.0.10-win32-x86_64\bin\net.dll
0x00007ffdafca0000 - 0x00007ffdafdd7000 	C:\Windows\SYSTEM32\WINHTTP.dll
0x00007ffdb5580000 - 0x00007ffdb55e9000 	C:\Windows\system32\mswsock.dll
0x00007ffd9fc90000 - 0x00007ffd9fca6000 	C:\Users\ASUS1\.vscode\extensions\redhat.java-1.28.1-win32-x64\jre\17.0.10-win32-x86_64\bin\nio.dll
0x00007ffdaf5f0000 - 0x00007ffdaf600000 	c:\Users\ASUS1\.vscode\extensions\redhat.java-1.28.1-win32-x64\jre\17.0.10-win32-x86_64\bin\verify.dll
0x00007ffdb57d0000 - 0x00007ffdb57eb000 	C:\Windows\SYSTEM32\CRYPTSP.dll
0x00007ffdb5030000 - 0x00007ffdb5065000 	C:\Windows\system32\rsaenh.dll
0x00007ffdb5670000 - 0x00007ffdb569c000 	C:\Windows\SYSTEM32\USERENV.dll
0x00007ffdb57f0000 - 0x00007ffdb57fc000 	C:\Windows\SYSTEM32\CRYPTBASE.dll
0x00007ffdb4ac0000 - 0x00007ffdb4aed000 	C:\Windows\SYSTEM32\IPHLPAPI.DLL
0x00007ffdb8680000 - 0x00007ffdb8689000 	C:\Windows\System32\NSI.dll
0x00007ffdaf2d0000 - 0x00007ffdaf2e9000 	C:\Windows\SYSTEM32\dhcpcsvc6.DLL
0x00007ffdaf340000 - 0x00007ffdaf35f000 	C:\Windows\SYSTEM32\dhcpcsvc.DLL
0x00007ffdb4af0000 - 0x00007ffdb4be9000 	C:\Windows\SYSTEM32\DNSAPI.dll
0x00007ffdaaa10000 - 0x00007ffdaaa19000 	C:\Users\ASUS1\.vscode\extensions\redhat.java-1.28.1-win32-x64\jre\17.0.10-win32-x86_64\bin\management.dll
0x00007ffda8ad0000 - 0x00007ffda8adb000 	C:\Users\ASUS1\.vscode\extensions\redhat.java-1.28.1-win32-x64\jre\17.0.10-win32-x86_64\bin\management_ext.dll
0x00007ffdb86e0000 - 0x00007ffdb86e8000 	C:\Windows\System32\PSAPI.DLL
0x00007ffda4920000 - 0x00007ffda492e000 	C:\Users\ASUS1\.vscode\extensions\redhat.java-1.28.1-win32-x64\jre\17.0.10-win32-x86_64\bin\sunmscapi.dll
0x00007ffdb66e0000 - 0x00007ffdb6846000 	C:\Windows\System32\CRYPT32.dll
0x00007ffdb5990000 - 0x00007ffdb59be000 	C:\Windows\SYSTEM32\ncrypt.dll
0x00007ffdb5950000 - 0x00007ffdb5987000 	C:\Windows\SYSTEM32\NTASN1.dll
0x00007ffdadc40000 - 0x00007ffdadc4a000 	C:\Windows\System32\rasadhlp.dll
0x00007ffdadc70000 - 0x00007ffdadcf3000 	C:\Windows\System32\fwpuclnt.dll
0x00007ffda4750000 - 0x00007ffda4759000 	C:\Users\ASUS1\.vscode\extensions\redhat.java-1.28.1-win32-x64\jre\17.0.10-win32-x86_64\bin\extnet.dll

dbghelp: loaded successfully - version: 4.0.5 - missing functions: none
symbol engine: initialized successfully - sym options: 0x614 - pdb path: .;c:\Users\ASUS1\.vscode\extensions\redhat.java-1.28.1-win32-x64\jre\17.0.10-win32-x86_64\bin;C:\Windows\SYSTEM32;C:\Windows\WinSxS\amd64_microsoft.windows.common-controls_6595b64144ccf1df_6.0.22621.2506_none_270c5ae97388e100;c:\Users\ASUS1\.vscode\extensions\redhat.java-1.28.1-win32-x64\jre\17.0.10-win32-x86_64\bin\server

VM Arguments:
jvm_args: -XX:+HeapDumpOnOutOfMemoryError -Xmx1024m -Dsts.lsp.client=vscode -Dsts.log.file=/dev/null -XX:TieredStopAtLevel=1 -Xlog:jni+resolve=off -Dspring.config.location=file:c:\Users\ASUS1\.vscode\extensions\vmware.vscode-spring-boot-1.52.0\language-server\BOOT-INF\classes\application.properties 
java_command: org.springframework.ide.vscode.boot.app.BootLanguageServerBootApp
java_class_path (initial): c:\Users\ASUS1\.vscode\extensions\vmware.vscode-spring-boot-1.52.0\language-server\BOOT-INF\classes;c:\Users\ASUS1\.vscode\extensions\vmware.vscode-spring-boot-1.52.0\language-server\BOOT-INF\lib\annotations-24.1.0.jar;c:\Users\ASUS1\.vscode\extensions\vmware.vscode-spring-boot-1.52.0\language-server\BOOT-INF\lib\antlr4-runtime-4.11.1.jar;c:\Users\ASUS1\.vscode\extensions\vmware.vscode-spring-boot-1.52.0\language-server\BOOT-INF\lib\asm-9.6.jar;c:\Users\ASUS1\.vscode\extensions\vmware.vscode-spring-boot-1.52.0\language-server\BOOT-INF\lib\asm-analysis-9.6.jar;c:\Users\ASUS1\.vscode\extensions\vmware.vscode-spring-boot-1.52.0\language-server\BOOT-INF\lib\asm-tree-9.6.jar;c:\Users\ASUS1\.vscode\extensions\vmware.vscode-spring-boot-1.52.0\language-server\BOOT-INF\lib\asm-util-9.6.jar;c:\Users\ASUS1\.vscode\extensions\vmware.vscode-spring-boot-1.52.0\language-server\BOOT-INF\lib\caffeine-3.1.8.jar;c:\Users\ASUS1\.vscode\extensions\vmware.vscode-spring-boot-1.52.0\language-server\BOOT-INF\lib\checker-qual-3.12.0.jar;c:\Users\ASUS1\.vscode\extensions\vmware.vscode-spring-boot-1.52.0\language-server\BOOT-INF\lib\classgraph-4.8.149.jar;c:\Users\ASUS1\.vscode\extensions\vmware.vscode-spring-boot-1.52.0\language-server\BOOT-INF\lib\commons-codec-1.16.0.jar;c:\Users\ASUS1\.vscode\extensions\vmware.vscode-spring-boot-1.52.0\language-server\BOOT-INF\lib\commons-compress-1.25.0.jar;c:\Users\ASUS1\.vscode\extensions\vmware.vscode-spring-boot-1.52.0\language-server\BOOT-INF\lib\commons-io-2.4.jar;c:\Users\ASUS1\.vscode\extensions\vmware.vscode-spring-boot-1.52.0\language-server\BOOT-INF\lib\commons-java-1.52.0-SNAPSHOT.jar;c:\Users\ASUS1\.vscode\extensions\vmware.vscode-spring-boot-1.52.0\language-server\BOOT-INF\lib\commons-lang3-3.13.0.jar;c:\Users\ASUS1\.vscode\extensions\vmware.vscode-spring-boot-1.52.0\language-server\BOOT-INF\lib\commons-language-server-1.52.0-SNAPSHOT.jar;c:\Users\ASUS1\.vscode\extensions\vmware.vscode-spring-boot-1.52.0\language
Launcher Type: SUN_STANDARD

[Global flags]
     intx CICompilerCount                          = 12                                        {product} {ergonomic}
     uint ConcGCThreads                            = 3                                         {product} {ergonomic}
     uint G1ConcRefinementThreads                  = 13                                        {product} {ergonomic}
   size_t G1HeapRegionSize                         = 1048576                                   {product} {ergonomic}
    uintx GCDrainStackTargetSize                   = 64                                        {product} {ergonomic}
     bool HeapDumpOnOutOfMemoryError               = true                                   {manageable} {command line}
   size_t InitialHeapSize                          = 125829120                                 {product} {ergonomic}
   size_t MarkStackSize                            = 4194304                                   {product} {ergonomic}
   size_t MaxHeapSize                              = 1073741824                                {product} {command line}
   size_t MaxNewSize                               = 643825664                                 {product} {ergonomic}
   size_t MinHeapDeltaBytes                        = 1048576                                   {product} {ergonomic}
   size_t MinHeapSize                              = 8388608                                   {product} {ergonomic}
    uintx NonProfiledCodeHeapSize                  = 0                                      {pd product} {ergonomic}
     bool ProfileInterpreter                       = false                                  {pd product} {command line}
    uintx ProfiledCodeHeapSize                     = 0                                      {pd product} {ergonomic}
   size_t SoftMaxHeapSize                          = 1073741824                             {manageable} {ergonomic}
     intx TieredStopAtLevel                        = 1                                         {product} {command line}
     bool UseCompressedClassPointers               = true                           {product lp64_product} {ergonomic}
     bool UseCompressedOops                        = true                           {product lp64_product} {ergonomic}
     bool UseG1GC                                  = true                                      {product} {ergonomic}
     bool UseLargePagesIndividualAllocation        = false                                  {pd product} {ergonomic}

Logging:
Log output configuration:
 #0: stdout all=warning,jni+resolve=off uptime,level,tags
 #1: stderr all=off uptime,level,tags

Environment Variables:
JAVA_HOME=C:\Program Files\Amazon Corretto\jdk17.0.10_7
PATH=C:\Program Files\Amazon Corretto\jdk17.0.10_7\bin;C:\Program Files (x86)\Common Files\Oracle\Java\javapath;C:\Program Files\Amazon Corretto\jdk17.0.5_8\bin;C:\Program Files\MongoDB\Server\6.0\bin;C:\Program Files (x86)\VMware\VMware Workstation\bin\;C:\Python311\Scripts\;C:\Python311\;C:\MinGW\bin;C:\Windows\system32;C:\Windows;C:\Windows\System32\Wbem;C:\Windows\System32\WindowsPowerShell\v1.0\;C:\Windows\System32\OpenSSH\;C:\Program Files\Go\bin;C:\Program Files\nodejs\;C:\ProgramData\chocolatey\bin;C:\Python311\Scripts;C:\Users\ASUS1\Downloads\mongosh-1.8.0-win32-x64.zip\mongosh-1.8.0-win32-x64\bin;C:\Program Files\Git\cmd;C:\Program Files\PuTTY\;C:\Program Files\Docker\Docker\resources\bin;C:\Program Files\MySQL\MySQL Server 8.0\bin;C:\Program Files\MySQL\MySQL Shell 8.0\bin\;C:\Users\ASUS1\anaconda3;C:\Users\ASUS1\anaconda3\Library\mingw-w64\bin;C:\Users\ASUS1\anaconda3\Library\usr\bin;C:\Users\ASUS1\anaconda3\Library\bin;C:\Users\ASUS1\anaconda3\Scripts;C:\Users\ASUS1\AppData\Local\Microsoft\WindowsApps;C:\Users\ASUS1\AppData\Local\Programs\Microsoft VS Code\bin;C:\Users\ASUS1\go\bin;C:\Users\ASUS1\AppData\Roaming\npm;C:\Users\ASUS1\AppData\Local\GitHubDesktop\bin;C:\Program Files\JetBrains\IntelliJ IDEA 2022.3.1\bin;;C:\Program Files\JetBrains\PyCharm 2022.3\bin;;C:\Users\ASUS1\AppData\Local\Programs\mongosh\
USERNAME=ASUS1
OS=Windows_NT
PROCESSOR_IDENTIFIER=AMD64 Family 23 Model 96 Stepping 1, AuthenticAMD
TMP=C:\Users\ASUS1\AppData\Local\Temp
TEMP=C:\Users\ASUS1\AppData\Local\Temp



Periodic native trim disabled


---------------  S Y S T E M  ---------------

OS:
 Windows 11 , 64 bit Build 22621 (10.0.22621.3085)
OS uptime: 3 days 11:15 hours
Hyper-V role detected

CPU: total 16 (initial active 16) (16 cores per cpu, 2 threads per core) family 23 model 96 stepping 1 microcode 0x0, cx8, cmov, fxsr, ht, mmx, 3dnowpref, sse, sse2, sse3, ssse3, sse4a, sse4.1, sse4.2, popcnt, lzcnt, tsc, tscinvbit, avx, avx2, aes, clmul, bmi1, bmi2, adx, sha, fma, vzeroupper, clflush, clflushopt, hv
Processor Information for all 16 processors :
  Max Mhz: 2901, Current Mhz: 2901, Mhz Limit: 2901

Memory: 4k page, system-wide physical 7598M (405M free)
TotalPageFile size 31150M (AvailPageFile size 18M)
current process WorkingSet (physical memory assigned to process): 54M, peak: 262M
current process commit charge ("private bytes"): 288M, peak: 349M

vm_info: OpenJDK 64-Bit Server VM (17.0.10+7) for windows-amd64 JRE (17.0.10+7), built on Jan 16 2024 23:25:11 by "admin" with MS VC++ 16.10 / 16.11 (VS2019)

END.
